<?xml version="1.0" encoding="UTF-8"?>
<testng-results ignored="0" total="1" passed="1" failed="0" skipped="0">
  <reporter-output>
    <line>
      <![CDATA[Create Customer]]>
    </line>
  </reporter-output>
  <suite started-at="2023-08-08T10:18:39 IST" name="Suite" finished-at="2023-08-08T10:18:39 IST" duration-ms="53">
    <groups>
    </groups>
    <test started-at="2023-08-08T10:18:39 IST" name="Test" finished-at="2023-08-08T10:18:39 IST" duration-ms="53">
      <class name="com.actitime.testscript.CustomerModule">
        <test-method signature="testCreateCustomer()[pri:0, instance:com.actitime.testscript.CustomerModule@57a3af25]" started-at="2023-08-08T10:18:39 IST" name="testCreateCustomer" finished-at="2023-08-08T10:18:39 IST" duration-ms="11" status="PASS">
          <reporter-output>
            <line>
              <![CDATA[Create Customer]]>
            </line>
          </reporter-output>
        </test-method> <!-- testCreateCustomer -->
      </class> <!-- com.actitime.testscript.CustomerModule -->
    </test> <!-- Test -->
  </suite> <!-- Suite -->
</testng-results>
